\BOOKMARK [1][-]{section.1}{\376\377\000I\000n\000t\000r\000o\000d\000u\000c\000t\000i\000o\000n\000\040\000t\000o\000\040\000L\000i\000n\000e\000a\000r\000\040\000A\000l\000g\000e\000b\000r\000a}{}% 1
\BOOKMARK [1][-]{section.2}{\376\377\000V\000e\000c\000t\000o\000r\000\040\000S\000p\000a\000c\000e\000s}{}% 2
\BOOKMARK [1][-]{section.3}{\376\377\000L\000i\000n\000e\000a\000r\000\040\000\050\000I\000n\000\051\000d\000e\000p\000e\000n\000d\000e\000n\000c\000e\000,\000\040\000S\000p\000a\000n\000s\000\040\000a\000n\000d\000\040\000B\000a\000s\000i\000s}{}% 3
\BOOKMARK [2][-]{subsection.3.1}{\376\377\000L\000i\000n\000e\000a\000r\000\040\000I\000n\000d\000e\000p\000e\000n\000d\000e\000n\000c\000e}{section.3}% 4
\BOOKMARK [2][-]{subsection.3.2}{\376\377\000S\000p\000a\000n}{section.3}% 5
\BOOKMARK [2][-]{subsection.3.3}{\376\377\000B\000a\000s\000e\000s}{section.3}% 6
\BOOKMARK [2][-]{subsection.3.4}{\376\377\000I\000s\000o\000m\000o\000r\000p\000h\000i\000s\000m}{section.3}% 7
\BOOKMARK [1][-]{section.4}{\376\377\000D\000i\000m\000e\000n\000s\000i\000o\000n\000s\000\040\000a\000n\000d\000\040\000D\000i\000r\000e\000c\000t\000\040\000S\000u\000m\000s}{}% 8
\BOOKMARK [2][-]{subsection.4.1}{\376\377\000D\000i\000m\000e\000n\000s\000i\000o\000n}{section.4}% 9
\BOOKMARK [2][-]{subsection.4.2}{\376\377\000D\000i\000r\000e\000c\000t\000\040\000S\000u\000m\000s}{section.4}% 10
\BOOKMARK [1][-]{section.5}{\376\377\000L\000i\000n\000e\000a\000r\000\040\000T\000r\000a\000n\000s\000f\000o\000r\000m\000a\000t\000i\000o\000n\000s}{}% 11
\BOOKMARK [1][-]{section.6}{\376\377\000E\000i\000g\000e\000n\000v\000e\000c\000t\000o\000r\000s\000\040\000a\000n\000d\000\040\000E\000i\000g\000e\000n\000v\000a\000l\000u\000e\000s}{}% 12
\BOOKMARK [2][-]{subsection.6.1}{\376\377\000S\000i\000m\000i\000l\000a\000r\000\040\000M\000a\000t\000r\000i\000c\000e\000s}{section.6}% 13
\BOOKMARK [2][-]{subsection.6.2}{\376\377\000D\000i\000a\000g\000o\000n\000i\000s\000a\000t\000i\000o\000n}{section.6}% 14
\BOOKMARK [2][-]{subsection.6.3}{\376\377\000D\000i\000a\000g\000o\000n\000a\000l\000i\000s\000a\000t\000i\000o\000n\000\040\000a\000n\000d\000\040\000D\000i\000r\000e\000c\000t\000\040\000S\000u\000m\000s}{section.6}% 15
\BOOKMARK [3][-]{subsubsection.6.3.1}{\376\377\000L\000i\000n\000e\000a\000r\000\040\000D\000i\000f\000f\000e\000r\000e\000n\000c\000e\000\040\000E\000q\000u\000a\000t\000i\000o\000n\000s}{subsection.6.3}% 16
\BOOKMARK [3][-]{subsubsection.6.3.2}{\376\377\000E\000x\000p\000o\000n\000e\000n\000t\000i\000a\000l\000s\000\040\000o\000f\000\040\000D\000i\000a\000g\000o\000n\000a\000l\000i\000s\000a\000b\000l\000e\000\040\000L\000i\000n\000e\000a\000r\000\040\000O\000p\000e\000r\000a\000t\000o\000r\000s}{subsection.6.3}% 17
\BOOKMARK [2][-]{subsection.6.4}{\376\377\000A\000p\000p\000l\000i\000c\000a\000t\000i\000o\000n\000s\000\040\000t\000o\000\040\000D\000i\000f\000f\000e\000r\000e\000n\000t\000i\000a\000l\000\040\000E\000q\000u\000a\000t\000i\000o\000n\000s}{section.6}% 18
\BOOKMARK [2][-]{subsection.6.5}{\376\377\000C\000o\000m\000p\000l\000e\000x\000\040\000E\000i\000g\000e\000n\000v\000a\000l\000u\000e\000s}{section.6}% 19
\BOOKMARK [1][-]{section.7}{\376\377\000J\000o\000r\000d\000a\000n\000\040\000N\000o\000r\000m\000a\000l\000\040\000F\000o\000r\000m}{}% 20
\BOOKMARK [2][-]{subsection.7.1}{\376\377\000J\000o\000r\000d\000a\000n\000\040\000B\000a\000s\000e\000s}{section.7}% 21
\BOOKMARK [1][-]{section.8}{\376\377\000G\000e\000n\000e\000r\000a\000l\000i\000s\000e\000d\000\040\000E\000i\000g\000e\000n\000v\000e\000c\000t\000o\000r\000s}{}% 22
\BOOKMARK [1][-]{section.9}{\376\377\000I\000n\000n\000e\000r\000\040\000P\000r\000o\000d\000u\000c\000t\000\040\000S\000p\000a\000c\000e\000s}{}% 23
\BOOKMARK [2][-]{subsection.9.1}{\376\377\000O\000r\000t\000h\000o\000g\000o\000n\000a\000l\000\040\000B\000a\000s\000e\000s}{section.9}% 24
\BOOKMARK [2][-]{subsection.9.2}{\376\377\000O\000r\000t\000h\000o\000g\000o\000n\000a\000l\000\040\000P\000r\000o\000j\000e\000c\000t\000i\000o\000n\000s}{section.9}% 25
\BOOKMARK [2][-]{subsection.9.3}{\376\377\000T\000h\000e\000\040\000G\000r\000a\000m\000-\000S\000c\000h\000m\000i\000d\000t\000\040\000P\000r\000o\000c\000e\000s\000s}{section.9}% 26
\BOOKMARK [2][-]{subsection.9.4}{\376\377\000L\000e\000a\000s\000t\000\040\000S\000q\000u\000a\000r\000e\000s}{section.9}% 27
\BOOKMARK [1][-]{section.10}{\376\377\000O\000p\000e\000r\000a\000t\000o\000r\000s\000\040\000o\000n\000\040\000t\000h\000e\000\040\000I\000n\000n\000e\000r\000\040\000P\000r\000o\000d\000u\000c\000t\000\040\000S\000p\000a\000c\000e}{}% 28
\BOOKMARK [2][-]{subsection.10.1}{\376\377\000A\000d\000j\000o\000i\000n\000t}{section.10}% 29
\BOOKMARK [2][-]{subsection.10.2}{\376\377\000N\000o\000r\000m\000a\000l\000\040\000a\000n\000d\000\040\000S\000e\000l\000f\000-\000A\000d\000j\000o\000i\000n\000t\000\040\000O\000p\000e\000r\000a\000t\000o\000r\000s}{section.10}% 30
\BOOKMARK [2][-]{subsection.10.3}{\376\377\000S\000e\000l\000f\000\040\000A\000d\000j\000o\000i\000n\000t\000\040\000O\000p\000e\000r\000a\000t\000o\000r\000s}{section.10}% 31
\BOOKMARK [2][-]{subsection.10.4}{\376\377\000P\000o\000s\000i\000t\000i\000v\000e\000\040\000\050\000S\000e\000m\000i\000-\000\051\000\040\000D\000e\000f\000i\000n\000i\000t\000e\000\040\000O\000p\000e\000r\000a\000t\000o\000r\000s}{section.10}% 32
\BOOKMARK [2][-]{subsection.10.5}{\376\377\000U\000n\000i\000t\000a\000r\000y\000\040\000a\000n\000d\000\040\000O\000r\000t\000h\000o\000g\000o\000n\000a\000l\000\040\000O\000p\000e\000r\000a\000t\000o\000r\000s}{section.10}% 33
\BOOKMARK [1][-]{section.11}{\376\377\000S\000i\000n\000g\000l\000e\000\040\000V\000a\000l\000u\000e\000\040\000D\000e\000c\000o\000m\000p\000o\000s\000i\000t\000i\000o\000n}{}% 34
\BOOKMARK [2][-]{subsection.11.1}{\376\377\000H\000o\000w\000\040\000t\000o\000\040\000f\000i\000n\000d\000\040\000t\000h\000e\000\040\000S\000V\000D}{section.11}% 35
